<?xml version="1.0" encoding="UTF-8"?>
<!-- Generated by org.testng.reporters.JUnitReportReporter -->
<testsuite hostname="LAPTOP-9T9T1MQ4" failures="0" tests="2" name="scripts.TC3" time="0.018" errors="0" timestamp="2024-07-05T07:44:57 IST" skipped="0">
  <testcase classname="scripts.TC3" name="testlogout" time="0.007"/>
  <system-out/>
  <testcase classname="scripts.TC3" name="testLogin" time="0.011"/>
  <system-out/>
</testsuite> <!-- scripts.TC3 -->
