<?xml version="1.0" encoding="UTF-8"?>
<!-- Generated by org.testng.reporters.JUnitReportReporter -->
<testsuite hostname="LAPTOP-9T9T1MQ4" failures="0" tests="1" name="scripts.InvalidLogin" time="4.377" errors="0" timestamp="2024-07-10T08:07:50 IST" skipped="0">
  <testcase classname="scripts.InvalidLogin" name="testInvalidLogin" time="4.377"/>
  <system-out>
    <![CDATA[Err Msg is displayed]]>
  </system-out>
</testsuite> <!-- scripts.InvalidLogin -->
