<?xml version="1.0" encoding="UTF-8"?>
<!-- Generated by org.testng.reporters.JUnitReportReporter -->
<testsuite hostname="LAPTOP-9T9T1MQ4" failures="0" tests="1" name="scripts.TC1" time="4.793" errors="0" timestamp="2024-07-08T08:22:00 IST" skipped="0">
  <testcase classname="scripts.TC1" name="test1" time="4.793"/>
  <system-out/>
</testsuite> <!-- scripts.TC1 -->
