<?xml version="1.0" encoding="UTF-8"?>
<!-- Generated by org.testng.reporters.JUnitReportReporter -->
<testsuite hostname="LAPTOP-9T9T1MQ4" failures="0" tests="1" name="scripts.ValidLogin" time="4.570" errors="0" timestamp="2024-07-09T09:15:22 IST" skipped="0">
  <testcase classname="scripts.ValidLogin" name="testValidLogin" time="4.570"/>
  <system-out>
    <![CDATA[Homepage is displayed]]>
  </system-out>
</testsuite> <!-- scripts.ValidLogin -->
